1748989882145	geckodriver	INFO	Listening on 127.0.0.1:61103
1748989885264	mozrunner::runner	INFO	Running command: "C:\\Program Files\\Mozilla Firefox\\firefox.exe" "--marionette" "--remote-debugging-port" "61104" "--remote-allow-hosts" "localhost" "-no-remote" "-profile" "C:\\Users\\bakir\\AppData\\Local\\Temp\\rust_mozprofileseaU4U"
console.warn: services.settings: Ignoring preference override of remote settings server
console.warn: services.settings: Allow by setting MOZ_REMOTE_SETTINGS_DEVTOOLS=1 in the environment
Dynamically enable window occlusion 0
1748989885466	Marionette	INFO	Marionette enabled
1748989885651	Marionette	INFO	Listening on port 61111
WebDriver BiDi listening on ws://127.0.0.1:61104
Read port: 61111
1748989885734	RemoteAgent	WARN	TLS certificate errors will be ignored for this session
1748989887208	Marionette	WARN	Ignoring event 'DOMContentLoaded' because document has an invalid readyState of 'complete'.
JavaScript warning: https://www.zara.com/vhiNXnm2F/mb45exrT/w/aO9cfJD73wfh/ahssI1QC/JS4WA0F/qRR0B, line 1: unreachable code after return statement
JavaScript warning: https://www.zara.com/vhiNXnm2F/mb45exrT/w/aO9cfJD73wfh/ahssI1QC/JS4WA0F/qRR0B, line 1: unreachable code after return statement
JavaScript warning: https://www.zara.com/vhiNXnm2F/mb45exrT/w/aO9cfJD73wfh/ahssI1QC/JS4WA0F/qRR0B, line 1: WEBGL_debug_renderer_info is deprecated in Firefox and will be removed. Please use RENDERER.
JavaScript warning: https://www.zara.com/vhiNXnm2F/mb45exrT/w/aO9cfJD73wfh/ahssI1QC/JS4WA0F/qRR0B, line 1: WEBGL_debug_renderer_info is deprecated in Firefox and will be removed. Please use RENDERER.
JavaScript warning: https://beacon.riskified.com/?shop=www.zara.com&sid=5ab9179d-ad32-4b1d-bffa-a8539ccea67f, line 7: WEBGL_debug_renderer_info is deprecated in Firefox and will be removed. Please use RENDERER.
JavaScript warning: https://beacon.riskified.com/?shop=www.zara.com&sid=5ab9179d-ad32-4b1d-bffa-a8539ccea67f, line 7: WEBGL_debug_renderer_info is deprecated in Firefox and will be removed. Please use RENDERER.
JavaScript warning: https://beacon.riskified.com/?shop=www.zara.com&sid=5ab9179d-ad32-4b1d-bffa-a8539ccea67f, line 7: WEBGL_debug_renderer_info is deprecated in Firefox and will be removed. Please use RENDERER.
console.error: (new TypeError("parent is null", "resource://devtools/client/inspector/shared/style-change-tracker.js", 67))
TypeError: parent is null: canMutationImpactCurrentStyles@resource://devtools/client/inspector/shared/style-change-tracker.js:67:24
onMutations@resource://devtools/client/inspector/shared/style-change-tracker.js:84:41
_emit@resource://devtools/shared/event-emitter.js:242:32
emit@resource://devtools/shared/event-emitter.js:186:18
emit@resource://devtools/shared/event-emitter.js:330:18
getMutations@resource://devtools/client/fronts/walker.js:317:10

console.warn: "Listener for event 'frame' did not return a promise."
JavaScript warning: https://beacon.riskified.com/?shop=www.zara.com&sid=5ab9179d-ad32-4b1d-bffa-a8539ccea67f, line 7: WEBGL_debug_renderer_info is deprecated in Firefox and will be removed. Please use RENDERER.
console.warn: "Listener for event 'frame' did not return a promise."
JavaScript warning: https://beacon.riskified.com/?shop=www.zara.com&sid=5ab9179d-ad32-4b1d-bffa-a8539ccea67f, line 7: WEBGL_debug_renderer_info is deprecated in Firefox and will be removed. Please use RENDERER.
console.error: (new TypeError("parent is null", "resource://devtools/client/inspector/shared/style-change-tracker.js", 67))
TypeError: parent is null: canMutationImpactCurrentStyles@resource://devtools/client/inspector/shared/style-change-tracker.js:67:24
onMutations@resource://devtools/client/inspector/shared/style-change-tracker.js:84:41
_emit@resource://devtools/shared/event-emitter.js:242:32
emit@resource://devtools/shared/event-emitter.js:186:18
emit@resource://devtools/shared/event-emitter.js:330:18
getMutations@resource://devtools/client/fronts/walker.js:317:10

console.error: (new TypeError("parent is null", "resource://devtools/client/inspector/shared/style-change-tracker.js", 67))
TypeError: parent is null: canMutationImpactCurrentStyles@resource://devtools/client/inspector/shared/style-change-tracker.js:67:24
onMutations@resource://devtools/client/inspector/shared/style-change-tracker.js:84:41
_emit@resource://devtools/shared/event-emitter.js:242:32
emit@resource://devtools/shared/event-emitter.js:186:18
emit@resource://devtools/shared/event-emitter.js:330:18
getMutations@resource://devtools/client/fronts/walker.js:317:10

console.error: (new TypeError("parent is null", "resource://devtools/client/inspector/shared/style-change-tracker.js", 67))
TypeError: parent is null: canMutationImpactCurrentStyles@resource://devtools/client/inspector/shared/style-change-tracker.js:67:24
onMutations@resource://devtools/client/inspector/shared/style-change-tracker.js:84:41
_emit@resource://devtools/shared/event-emitter.js:242:32
emit@resource://devtools/shared/event-emitter.js:186:18
emit@resource://devtools/shared/event-emitter.js:330:18
getMutations@resource://devtools/client/fronts/walker.js:317:10

console.error: "Error while calling actor 'pagestyle's method 'getLayout'" "node is null"
console.error: (new TypeError("node is null", "resource://devtools/server/actors/page-style.js", 1078))
console.error: (new Error("Protocol error (TypeError): node is null from: server0.conn0.watcher2.process7//pagestyle98 (resource://devtools/server/actors/page-style.js:1078:29)", "resource://devtools/shared/protocol/Front.js", 383))
console.warn: "Listener for event 'frame' did not return a promise."
JavaScript warning: https://beacon.riskified.com/?shop=www.zara.com&sid=5ab9179d-ad32-4b1d-bffa-a8539ccea67f, line 7: WEBGL_debug_renderer_info is deprecated in Firefox and will be removed. Please use RENDERER.
console.warn: "Listener for event 'frame' did not return a promise."
JavaScript warning: https://beacon.riskified.com/?shop=www.zara.com&sid=5ab9179d-ad32-4b1d-bffa-a8539ccea67f, line 7: WEBGL_debug_renderer_info is deprecated in Firefox and will be removed. Please use RENDERER.
console.error: "Error while calling actor 'pagestyle's method 'getLayout'" "node is null"
console.error: (new TypeError("node is null", "resource://devtools/server/actors/page-style.js", 1078))
console.error: (new TypeError("parent is null", "resource://devtools/client/inspector/shared/style-change-tracker.js", 67))
TypeError: parent is null: canMutationImpactCurrentStyles@resource://devtools/client/inspector/shared/style-change-tracker.js:67:24
onMutations@resource://devtools/client/inspector/shared/style-change-tracker.js:84:41
_emit@resource://devtools/shared/event-emitter.js:242:32
emit@resource://devtools/shared/event-emitter.js:186:18
emit@resource://devtools/shared/event-emitter.js:330:18
getMutations@resource://devtools/client/fronts/walker.js:317:10

console.error: (new Error("Protocol error (TypeError): node is null from: server0.conn0.watcher2.process7//pagestyle98 (resource://devtools/server/actors/page-style.js:1078:29)", "resource://devtools/shared/protocol/Front.js", 383))
console.error: (new TypeError("parent is null", "resource://devtools/client/inspector/shared/style-change-tracker.js", 67))
TypeError: parent is null: canMutationImpactCurrentStyles@resource://devtools/client/inspector/shared/style-change-tracker.js:67:24
onMutations@resource://devtools/client/inspector/shared/style-change-tracker.js:84:41
_emit@resource://devtools/shared/event-emitter.js:242:32
emit@resource://devtools/shared/event-emitter.js:186:18
emit@resource://devtools/shared/event-emitter.js:330:18
getMutations@resource://devtools/client/fronts/walker.js:317:10

console.error: (new TypeError("parent is null", "resource://devtools/client/inspector/shared/style-change-tracker.js", 67))
TypeError: parent is null: canMutationImpactCurrentStyles@resource://devtools/client/inspector/shared/style-change-tracker.js:67:24
onMutations@resource://devtools/client/inspector/shared/style-change-tracker.js:84:41
_emit@resource://devtools/shared/event-emitter.js:242:32
emit@resource://devtools/shared/event-emitter.js:186:18
emit@resource://devtools/shared/event-emitter.js:330:18
getMutations@resource://devtools/client/fronts/walker.js:317:10

console.error: (new TypeError("parent is null", "resource://devtools/client/inspector/shared/style-change-tracker.js", 67))
TypeError: parent is null: canMutationImpactCurrentStyles@resource://devtools/client/inspector/shared/style-change-tracker.js:67:24
onMutations@resource://devtools/client/inspector/shared/style-change-tracker.js:84:41
_emit@resource://devtools/shared/event-emitter.js:242:32
emit@resource://devtools/shared/event-emitter.js:186:18
emit@resource://devtools/shared/event-emitter.js:330:18
getMutations@resource://devtools/client/fronts/walker.js:317:10

console.error: (new TypeError("parent is null", "resource://devtools/client/inspector/shared/style-change-tracker.js", 67))
TypeError: parent is null: canMutationImpactCurrentStyles@resource://devtools/client/inspector/shared/style-change-tracker.js:67:24
onMutations@resource://devtools/client/inspector/shared/style-change-tracker.js:84:41
_emit@resource://devtools/shared/event-emitter.js:242:32
emit@resource://devtools/shared/event-emitter.js:186:18
emit@resource://devtools/shared/event-emitter.js:330:18
getMutations@resource://devtools/client/fronts/walker.js:317:10

console.error: "Error while calling actor 'pagestyle's method 'getLayout'" "node is null"
console.error: (new TypeError("node is null", "resource://devtools/server/actors/page-style.js", 1078))
console.error: (new TypeError("parent is null", "resource://devtools/client/inspector/shared/style-change-tracker.js", 67))
TypeError: parent is null: canMutationImpactCurrentStyles@resource://devtools/client/inspector/shared/style-change-tracker.js:67:24
onMutations@resource://devtools/client/inspector/shared/style-change-tracker.js:84:41
_emit@resource://devtools/shared/event-emitter.js:242:32
emit@resource://devtools/shared/event-emitter.js:186:18
emit@resource://devtools/shared/event-emitter.js:330:18
getMutations@resource://devtools/client/fronts/walker.js:317:10

console.error: (new Error("Protocol error (TypeError): node is null from: server0.conn0.watcher2.process7//pagestyle98 (resource://devtools/server/actors/page-style.js:1078:29)", "resource://devtools/shared/protocol/Front.js", 383))
console.error: (new TypeError("parent is null", "resource://devtools/client/inspector/shared/style-change-tracker.js", 67))
TypeError: parent is null: canMutationImpactCurrentStyles@resource://devtools/client/inspector/shared/style-change-tracker.js:67:24
onMutations@resource://devtools/client/inspector/shared/style-change-tracker.js:84:41
_emit@resource://devtools/shared/event-emitter.js:242:32
emit@resource://devtools/shared/event-emitter.js:186:18
emit@resource://devtools/shared/event-emitter.js:330:18
getMutations@resource://devtools/client/fronts/walker.js:317:10

console.error: (new TypeError("parent is null", "resource://devtools/client/inspector/shared/style-change-tracker.js", 67))
TypeError: parent is null: canMutationImpactCurrentStyles@resource://devtools/client/inspector/shared/style-change-tracker.js:67:24
onMutations@resource://devtools/client/inspector/shared/style-change-tracker.js:84:41
_emit@resource://devtools/shared/event-emitter.js:242:32
emit@resource://devtools/shared/event-emitter.js:186:18
emit@resource://devtools/shared/event-emitter.js:330:18
getMutations@resource://devtools/client/fronts/walker.js:317:10

console.error: (new TypeError("parent is null", "resource://devtools/client/inspector/shared/style-change-tracker.js", 67))
TypeError: parent is null: canMutationImpactCurrentStyles@resource://devtools/client/inspector/shared/style-change-tracker.js:67:24
onMutations@resource://devtools/client/inspector/shared/style-change-tracker.js:84:41
_emit@resource://devtools/shared/event-emitter.js:242:32
emit@resource://devtools/shared/event-emitter.js:186:18
emit@resource://devtools/shared/event-emitter.js:330:18
getMutations@resource://devtools/client/fronts/walker.js:317:10

console.error: (new TypeError("parent is null", "resource://devtools/client/inspector/shared/style-change-tracker.js", 67))
TypeError: parent is null: canMutationImpactCurrentStyles@resource://devtools/client/inspector/shared/style-change-tracker.js:67:24
onMutations@resource://devtools/client/inspector/shared/style-change-tracker.js:84:41
_emit@resource://devtools/shared/event-emitter.js:242:32
emit@resource://devtools/shared/event-emitter.js:186:18
emit@resource://devtools/shared/event-emitter.js:330:18
getMutations@resource://devtools/client/fronts/walker.js:317:10

console.warn: "Listener for event 'frame' did not return a promise."
JavaScript warning: https://beacon.riskified.com/?shop=www.zara.com&sid=5ab9179d-ad32-4b1d-bffa-a8539ccea67f, line 7: WEBGL_debug_renderer_info is deprecated in Firefox and will be removed. Please use RENDERER.
console.warn: "Listener for event 'frame' did not return a promise."
JavaScript warning: https://beacon.riskified.com/?shop=www.zara.com&sid=5ab9179d-ad32-4b1d-bffa-a8539ccea67f, line 7: WEBGL_debug_renderer_info is deprecated in Firefox and will be removed. Please use RENDERER.
Handler function threw an exception: Error: Got notified about channel 15032386652 more than once.
Stack: onNetworkEvent@resource://devtools/server/actors/resources/network-events.js:282:13
#createNetworkEvent@resource://devtools/shared/network-observer/NetworkObserver.sys.mjs:895:46
@resource://devtools/shared/network-observer/NetworkObserver.sys.mjs:406:33
makeInfallible/<@resource://devtools/shared/DevToolsInfaillibleUtils.sys.mjs:43:22
Line: 282, column: 13
console.error: (new Error("Got notified about channel 15032386652 more than once.", "resource://devtools/server/actors/resources/network-events.js", 282))
console.warn: "Listener for event 'frame' did not return a promise."
JavaScript warning: https://beacon.riskified.com/?shop=www.zara.com&sid=5ab9179d-ad32-4b1d-bffa-a8539ccea67f, line 7: WEBGL_debug_renderer_info is deprecated in Firefox and will be removed. Please use RENDERER.
JavaScript error: resource://devtools/client/inspector/rules/utils/utils.js, line 204: TypeError: rule is undefined
JavaScript error: resource://devtools/client/inspector/rules/utils/utils.js, line 204: TypeError: rule is undefined
JavaScript error: resource://devtools/client/inspector/rules/utils/utils.js, line 204: TypeError: rule is undefined
console.error: (new TypeError("parent is null", "resource://devtools/client/inspector/shared/style-change-tracker.js", 67))
TypeError: parent is null: canMutationImpactCurrentStyles@resource://devtools/client/inspector/shared/style-change-tracker.js:67:24
onMutations@resource://devtools/client/inspector/shared/style-change-tracker.js:84:41
_emit@resource://devtools/shared/event-emitter.js:242:32
emit@resource://devtools/shared/event-emitter.js:186:18
emit@resource://devtools/shared/event-emitter.js:330:18
getMutations@resource://devtools/client/fronts/walker.js:317:10

console.warn: "Listener for event 'frame' did not return a promise."
JavaScript warning: https://beacon.riskified.com/?shop=www.zara.com&sid=5ab9179d-ad32-4b1d-bffa-a8539ccea67f, line 7: WEBGL_debug_renderer_info is deprecated in Firefox and will be removed. Please use RENDERER.
console.error: (new TypeError("parent is null", "resource://devtools/client/inspector/shared/style-change-tracker.js", 67))
TypeError: parent is null: canMutationImpactCurrentStyles@resource://devtools/client/inspector/shared/style-change-tracker.js:67:24
onMutations@resource://devtools/client/inspector/shared/style-change-tracker.js:84:41
_emit@resource://devtools/shared/event-emitter.js:242:32
emit@resource://devtools/shared/event-emitter.js:186:18
emit@resource://devtools/shared/event-emitter.js:330:18
getMutations@resource://devtools/client/fronts/walker.js:317:10

console.error: (new TypeError("parent is null", "resource://devtools/client/inspector/shared/style-change-tracker.js", 67))
TypeError: parent is null: canMutationImpactCurrentStyles@resource://devtools/client/inspector/shared/style-change-tracker.js:67:24
onMutations@resource://devtools/client/inspector/shared/style-change-tracker.js:84:41
_emit@resource://devtools/shared/event-emitter.js:242:32
emit@resource://devtools/shared/event-emitter.js:186:18
emit@resource://devtools/shared/event-emitter.js:330:18
getMutations@resource://devtools/client/fronts/walker.js:317:10

console.error: (new TypeError("parent is null", "resource://devtools/client/inspector/shared/style-change-tracker.js", 67))
TypeError: parent is null: canMutationImpactCurrentStyles@resource://devtools/client/inspector/shared/style-change-tracker.js:67:24
onMutations@resource://devtools/client/inspector/shared/style-change-tracker.js:84:41
_emit@resource://devtools/shared/event-emitter.js:242:32
emit@resource://devtools/shared/event-emitter.js:186:18
emit@resource://devtools/shared/event-emitter.js:330:18
getMutations@resource://devtools/client/fronts/walker.js:317:10

console.error: (new TypeError("parent is null", "resource://devtools/client/inspector/shared/style-change-tracker.js", 67))
TypeError: parent is null: canMutationImpactCurrentStyles@resource://devtools/client/inspector/shared/style-change-tracker.js:67:24
onMutations@resource://devtools/client/inspector/shared/style-change-tracker.js:84:41
_emit@resource://devtools/shared/event-emitter.js:242:32
emit@resource://devtools/shared/event-emitter.js:186:18
emit@resource://devtools/shared/event-emitter.js:330:18
getMutations@resource://devtools/client/fronts/walker.js:317:10

console.error: "Error while calling actor 'pagestyle's method 'getLayout'" "node is null"
console.error: (new TypeError("node is null", "resource://devtools/server/actors/page-style.js", 1078))
console.error: (new Error("Protocol error (TypeError): node is null from: server0.conn0.watcher2.process7//pagestyle98 (resource://devtools/server/actors/page-style.js:1078:29)", "resource://devtools/shared/protocol/Front.js", 383))
console.error: (new TypeError("parent is null", "resource://devtools/client/inspector/shared/style-change-tracker.js", 67))
TypeError: parent is null: canMutationImpactCurrentStyles@resource://devtools/client/inspector/shared/style-change-tracker.js:67:24
onMutations@resource://devtools/client/inspector/shared/style-change-tracker.js:84:41
_emit@resource://devtools/shared/event-emitter.js:242:32
emit@resource://devtools/shared/event-emitter.js:186:18
emit@resource://devtools/shared/event-emitter.js:330:18
getMutations@resource://devtools/client/fronts/walker.js:317:10

JavaScript error: resource:///modules/sessionstore/SessionStore.sys.mjs, line 2693: NotFoundError: No such JSProcessActor 'DevToolsProcess'
JavaScript error: resource:///modules/sessionstore/SessionStore.sys.mjs, line 2693: NotFoundError: No such JSProcessActor 'DevToolsProcess'
JavaScript error: resource:///modules/sessionstore/SessionStore.sys.mjs, line 2693: NotFoundError: No such JSProcessActor 'DevToolsProcess'
JavaScript error: resource:///modules/sessionstore/SessionStore.sys.mjs, line 2693: NotFoundError: No such JSProcessActor 'DevToolsProcess'
JavaScript error: resource:///modules/sessionstore/SessionStore.sys.mjs, line 2693: NotFoundError: No such JSProcessActor 'DevToolsProcess'
JavaScript error: resource:///modules/sessionstore/SessionStore.sys.mjs, line 2693: NotFoundError: No such JSProcessActor 'DevToolsProcess'
JavaScript error: resource:///modules/sessionstore/SessionStore.sys.mjs, line 2693: NotFoundError: No such JSProcessActor 'DevToolsProcess'
JavaScript error: resource:///modules/sessionstore/SessionStore.sys.mjs, line 2693: NotFoundError: No such JSProcessActor 'DevToolsProcess'
JavaScript error: resource:///modules/sessionstore/SessionStore.sys.mjs, line 2693: NotFoundError: No such JSProcessActor 'DevToolsProcess'
JavaScript error: resource:///modules/sessionstore/SessionStore.sys.mjs, line 2693: NotFoundError: No such JSProcessActor 'DevToolsProcess'
JavaScript error: resource:///modules/sessionstore/SessionStore.sys.mjs, line 2693: NotFoundError: No such JSProcessActor 'DevToolsProcess'
JavaScript error: resource:///modules/sessionstore/SessionStore.sys.mjs, line 2693: NotFoundError: No such JSProcessActor 'DevToolsProcess'
JavaScript error: resource:///modules/sessionstore/SessionStore.sys.mjs, line 2693: NotFoundError: No such JSProcessActor 'DevToolsProcess'
JavaScript error: resource:///modules/sessionstore/SessionStore.sys.mjs, line 2693: NotFoundError: No such JSProcessActor 'DevToolsProcess'
JavaScript error: resource:///modules/sessionstore/SessionStore.sys.mjs, line 2693: NotFoundError: No such JSProcessActor 'DevToolsProcess'
JavaScript error: resource:///modules/sessionstore/SessionStore.sys.mjs, line 2693: NotFoundError: No such JSProcessActor 'DevToolsProcess'
JavaScript error: resource:///modules/sessionstore/SessionStore.sys.mjs, line 2693: NotFoundError: No such JSProcessActor 'DevToolsProcess'
JavaScript error: resource:///modules/sessionstore/SessionStore.sys.mjs, line 2693: NotFoundError: No such JSProcessActor 'DevToolsProcess'
1748992337994	Marionette	INFO	Stopped listening on port 61111
Dynamically enable window occlusion 1
console.error: "Failed to fetch https://ads.mozilla.org/v1/delete_user:" "NetworkError when attempting to fetch resource."
console.warn: TopSitesFeed: Failed to fetch data from MARS server: NetworkError when attempting to fetch resource.
console.error: "Error in worker resource://devtools/client/shared/source-map-loader/worker.js" ": "
console.error: services.settings: 
Object
  - prototype Object
    - columnNumber = 0
    - data = null
    - filename = resource://gre/modules/ServiceRequest.sys.mjs
    - lineNumber = 126
    - location = {"name":"open","filename":"resource://gre/modules/ServiceRequest.sys.mjs","sourceId":27,"lineNumber":126,"columnNumber":11,"asyncCause":null,"asyncCaller":null,"caller":{"filename":"resource://services-settings/Utils.sys.mjs","name":"fetch/<","sourceId":26,"lineNumber":268,"columnNumber":15,"asyncCause":null,"asyncCaller":null,"caller":{"filename":"resource://services-settings/Utils.sys.mjs","name":"fetch","sourceId":26,"lineNumber":219,"columnNumber":12,"asyncCause":null,"asyncCaller":null,"caller":{"filename":"resource://services-settings/Utils.sys.mjs","name":"fetchLatestChanges","sourceId":26,"lineNumber":429,"columnNumber":34,"asyncCause":null,"asyncCaller":null,"caller":{"filename":"resource://services-settings/RemoteSettingsClient.sys.mjs","name":"sync","sourceId":24,"lineNumber":625,"columnNumber":42,"asyncCause":null,"asyncCaller":null,"caller":{"filename":"resource://services-settings/RemoteSettingsClient.sys.mjs","name":"get/this._importingPromise<","sourceId":24,"lineNumber":477,"columnNumber":28,"asyncCause":null,"asyncCaller":null,"caller":null,"formattedStack":"get/this._importingPromise<@resource://services-settings/RemoteSettingsClient.sys.mjs:477:28\n","nativeSavedFrame":{}},"formattedStack":"sync@resource://services-settings/RemoteSettingsClient.sys.mjs:625:42\nget/this._importingPromise<@resource://services-settings/RemoteSettingsClient.sys.mjs:477:28\n","nativeSavedFrame":{}},"formattedStack":"fetchLatestChanges@resource://services-settings/Utils.sys.mjs:429:34\nsync@resource://services-settings/RemoteSettingsClient.sys.mjs:625:42\nget/this._importingPromise<@resource://services-settings/RemoteSettingsClient.sys.mjs:477:28\n","nativeSavedFrame":{}},"formattedStack":"fetch@resource://services-settings/Utils.sys.mjs:219:12\nfetchLatestChanges@resource://services-settings/Utils.sys.mjs:429:34\nsync@resource://services-settings/RemoteSettingsClient.sys.mjs:625:42\nget/this._importingPromise<@resource://services-settings/RemoteSettingsClient.sys.mjs:477:28\n","nativeSavedFrame":{}},"formattedStack":"fetch/<@resource://services-settings/Utils.sys.mjs:268:15\nfetch@resource://services-settings/Utils.sys.mjs:219:12\nfetchLatestChanges@resource://services-settings/Utils.sys.mjs:429:34\nsync@resource://services-settings/RemoteSettingsClient.sys.mjs:625:42\nget/this._importingPromise<@resource://services-settings/RemoteSettingsClient.sys.mjs:477:28\n","nativeSavedFrame":{}},"formattedStack":"open@resource://gre/modules/ServiceRequest.sys.mjs:126:11\nfetch/<@resource://services-settings/Utils.sys.mjs:268:15\nfetch@resource://services-settings/Utils.sys.mjs:219:12\nfetchLatestChanges@resource://services-settings/Utils.sys.mjs:429:34\nsync@resource://services-settings/RemoteSettingsClient.sys.mjs:625:42\nget/this._importingPromise<@resource://services-settings/RemoteSettingsClient.sys.mjs:477:28\n","nativeSavedFrame":{}}
    - message = 
    - name = 
    - result = 2152071198
    - stack = open@resource://gre/modules/ServiceRequest.sys.mjs:126:11|fetch/<@resource://services-settings/Utils.sys.mjs:268:15|fetch@resource://services-settings/Utils.sys.mjs:219:12|fetchLatestChanges@resource://services-settings/Utils.sys.mjs:429:34|sync@resource://services-settings/RemoteSettingsClient.sys.mjs:625:42|get/this._importingPromise<@resource://services-settings/RemoteSettingsClient.sys.mjs:477:28|
  - prototype Object
