1748994107563	geckodriver	INFO	Listening on 127.0.0.1:62719
1748994110672	mozrunner::runner	INFO	Running command: "C:\\Program Files\\Mozilla Firefox\\firefox.exe" "--marionette" "--remote-debugging-port" "62720" "--remote-allow-hosts" "localhost" "-no-remote" "-profile" "C:\\Users\\bakir\\AppData\\Local\\Temp\\rust_mozprofileRhgWWz"
console.warn: services.settings: Ignoring preference override of remote settings server
console.warn: services.settings: Allow by setting MOZ_REMOTE_SETTINGS_DEVTOOLS=1 in the environment
Dynamically enable window occlusion 0
1748994110879	Marionette	INFO	Marionette enabled
1748994111062	Marionette	INFO	Listening on port 62729
WebDriver BiDi listening on ws://127.0.0.1:62720
Read port: 62729
1748994111156	RemoteAgent	WARN	TLS certificate errors will be ignored for this session
1748994112538	Marionette	WARN	Ignoring event 'DOMContentLoaded' because document has an invalid readyState of 'complete'.
JavaScript warning: https://www.zara.com/vhiNXnm2F/mb45exrT/w/aO9cfJD73wfh/ahssI1QC/JS4WA0F/qRR0B, line 1: unreachable code after return statement
JavaScript warning: https://www.zara.com/vhiNXnm2F/mb45exrT/w/aO9cfJD73wfh/ahssI1QC/JS4WA0F/qRR0B, line 1: unreachable code after return statement
JavaScript warning: https://www.zara.com/vhiNXnm2F/mb45exrT/w/aO9cfJD73wfh/ahssI1QC/JS4WA0F/qRR0B, line 1: WEBGL_debug_renderer_info is deprecated in Firefox and will be removed. Please use RENDERER.
JavaScript warning: https://www.zara.com/vhiNXnm2F/mb45exrT/w/aO9cfJD73wfh/ahssI1QC/JS4WA0F/qRR0B, line 1: WEBGL_debug_renderer_info is deprecated in Firefox and will be removed. Please use RENDERER.
JavaScript warning: https://beacon.riskified.com/?shop=www.zara.com&sid=9bf98468-ce2f-4052-87cf-4a5770ab1b53, line 7: WEBGL_debug_renderer_info is deprecated in Firefox and will be removed. Please use RENDERER.
JavaScript warning: https://beacon.riskified.com/?shop=www.zara.com&sid=9bf98468-ce2f-4052-87cf-4a5770ab1b53, line 7: WEBGL_debug_renderer_info is deprecated in Firefox and will be removed. Please use RENDERER.
JavaScript warning: https://beacon.riskified.com/?shop=www.zara.com&sid=9bf98468-ce2f-4052-87cf-4a5770ab1b53, line 7: WEBGL_debug_renderer_info is deprecated in Firefox and will be removed. Please use RENDERER.
JavaScript warning: https://beacon.riskified.com/?shop=www.zara.com&sid=9bf98468-ce2f-4052-87cf-4a5770ab1b53, line 7: WEBGL_debug_renderer_info is deprecated in Firefox and will be removed. Please use RENDERER.
JavaScript error: resource:///modules/sessionstore/SessionStore.sys.mjs, line 2693: NotFoundError: No such JSProcessActor 'DevToolsProcess'
JavaScript error: resource:///modules/sessionstore/SessionStore.sys.mjs, line 2693: NotFoundError: No such JSProcessActor 'DevToolsProcess'
JavaScript error: resource:///modules/sessionstore/SessionStore.sys.mjs, line 2693: NotFoundError: No such JSProcessActor 'DevToolsProcess'
JavaScript error: resource:///modules/sessionstore/SessionStore.sys.mjs, line 2693: NotFoundError: No such JSProcessActor 'DevToolsProcess'
JavaScript error: resource:///modules/sessionstore/SessionStore.sys.mjs, line 2693: NotFoundError: No such JSProcessActor 'DevToolsProcess'
JavaScript error: resource:///modules/sessionstore/SessionStore.sys.mjs, line 2693: NotFoundError: No such JSProcessActor 'DevToolsProcess'
JavaScript error: resource:///modules/sessionstore/SessionStore.sys.mjs, line 2693: NotFoundError: No such JSProcessActor 'DevToolsProcess'
JavaScript error: resource:///modules/sessionstore/SessionStore.sys.mjs, line 2693: NotFoundError: No such JSProcessActor 'DevToolsProcess'
JavaScript error: resource:///modules/sessionstore/SessionStore.sys.mjs, line 2693: NotFoundError: No such JSProcessActor 'DevToolsProcess'
JavaScript error: resource:///modules/sessionstore/SessionStore.sys.mjs, line 2693: NotFoundError: No such JSProcessActor 'DevToolsProcess'
JavaScript error: resource:///modules/sessionstore/SessionStore.sys.mjs, line 2693: NotFoundError: No such JSProcessActor 'DevToolsProcess'
JavaScript error: resource:///modules/sessionstore/SessionStore.sys.mjs, line 2693: NotFoundError: No such JSProcessActor 'DevToolsProcess'
JavaScript error: resource:///modules/sessionstore/SessionStore.sys.mjs, line 2693: NotFoundError: No such JSProcessActor 'DevToolsProcess'
JavaScript error: resource:///modules/sessionstore/SessionStore.sys.mjs, line 2693: NotFoundError: No such JSProcessActor 'DevToolsProcess'
JavaScript error: resource:///modules/sessionstore/SessionStore.sys.mjs, line 2693: NotFoundError: No such JSProcessActor 'DevToolsProcess'
JavaScript error: resource:///modules/sessionstore/SessionStore.sys.mjs, line 2693: NotFoundError: No such JSProcessActor 'DevToolsProcess'
JavaScript error: resource:///modules/sessionstore/SessionStore.sys.mjs, line 2693: NotFoundError: No such JSProcessActor 'DevToolsProcess'
JavaScript error: resource:///modules/sessionstore/SessionStore.sys.mjs, line 2693: NotFoundError: No such JSProcessActor 'DevToolsProcess'
1748994447542	Marionette	INFO	Stopped listening on port 62729
Dynamically enable window occlusion 1
console.error: "Failed to fetch https://ads.mozilla.org/v1/delete_user:" "NetworkError when attempting to fetch resource."
console.warn: TopSitesFeed: Failed to fetch data from MARS server: NetworkError when attempting to fetch resource.
console.error: "Error in worker resource://devtools/client/shared/source-map-loader/worker.js" ": "
console.error: services.settings: 
Object
  - prototype Object
    - columnNumber = 0
    - data = null
    - filename = resource://gre/modules/ServiceRequest.sys.mjs
    - lineNumber = 126
    - location = {"name":"open","filename":"resource://gre/modules/ServiceRequest.sys.mjs","sourceId":27,"lineNumber":126,"columnNumber":11,"asyncCause":null,"asyncCaller":null,"caller":{"filename":"resource://services-settings/Utils.sys.mjs","name":"fetch/<","sourceId":26,"lineNumber":268,"columnNumber":15,"asyncCause":null,"asyncCaller":null,"caller":{"filename":"resource://services-settings/Utils.sys.mjs","name":"fetch","sourceId":26,"lineNumber":219,"columnNumber":12,"asyncCause":null,"asyncCaller":null,"caller":{"filename":"resource://services-settings/Utils.sys.mjs","name":"fetchLatestChanges","sourceId":26,"lineNumber":429,"columnNumber":34,"asyncCause":null,"asyncCaller":null,"caller":{"filename":"resource://services-settings/RemoteSettingsClient.sys.mjs","name":"sync","sourceId":24,"lineNumber":625,"columnNumber":42,"asyncCause":null,"asyncCaller":null,"caller":{"filename":"resource://services-settings/RemoteSettingsClient.sys.mjs","name":"get/this._importingPromise<","sourceId":24,"lineNumber":477,"columnNumber":28,"asyncCause":null,"asyncCaller":null,"caller":null,"formattedStack":"get/this._importingPromise<@resource://services-settings/RemoteSettingsClient.sys.mjs:477:28\n","nativeSavedFrame":{}},"formattedStack":"sync@resource://services-settings/RemoteSettingsClient.sys.mjs:625:42\nget/this._importingPromise<@resource://services-settings/RemoteSettingsClient.sys.mjs:477:28\n","nativeSavedFrame":{}},"formattedStack":"fetchLatestChanges@resource://services-settings/Utils.sys.mjs:429:34\nsync@resource://services-settings/RemoteSettingsClient.sys.mjs:625:42\nget/this._importingPromise<@resource://services-settings/RemoteSettingsClient.sys.mjs:477:28\n","nativeSavedFrame":{}},"formattedStack":"fetch@resource://services-settings/Utils.sys.mjs:219:12\nfetchLatestChanges@resource://services-settings/Utils.sys.mjs:429:34\nsync@resource://services-settings/RemoteSettingsClient.sys.mjs:625:42\nget/this._importingPromise<@resource://services-settings/RemoteSettingsClient.sys.mjs:477:28\n","nativeSavedFrame":{}},"formattedStack":"fetch/<@resource://services-settings/Utils.sys.mjs:268:15\nfetch@resource://services-settings/Utils.sys.mjs:219:12\nfetchLatestChanges@resource://services-settings/Utils.sys.mjs:429:34\nsync@resource://services-settings/RemoteSettingsClient.sys.mjs:625:42\nget/this._importingPromise<@resource://services-settings/RemoteSettingsClient.sys.mjs:477:28\n","nativeSavedFrame":{}},"formattedStack":"open@resource://gre/modules/ServiceRequest.sys.mjs:126:11\nfetch/<@resource://services-settings/Utils.sys.mjs:268:15\nfetch@resource://services-settings/Utils.sys.mjs:219:12\nfetchLatestChanges@resource://services-settings/Utils.sys.mjs:429:34\nsync@resource://services-settings/RemoteSettingsClient.sys.mjs:625:42\nget/this._importingPromise<@resource://services-settings/RemoteSettingsClient.sys.mjs:477:28\n","nativeSavedFrame":{}}
    - message = 
    - name = 
    - result = 2152071198
    - stack = open@resource://gre/modules/ServiceRequest.sys.mjs:126:11|fetch/<@resource://services-settings/Utils.sys.mjs:268:15|fetch@resource://services-settings/Utils.sys.mjs:219:12|fetchLatestChanges@resource://services-settings/Utils.sys.mjs:429:34|sync@resource://services-settings/RemoteSettingsClient.sys.mjs:625:42|get/this._importingPromise<@resource://services-settings/RemoteSettingsClient.sys.mjs:477:28|
  - prototype Object
