1748994380615	geckodriver	INFO	Listening on 127.0.0.1:62935
1748994383689	mozrunner::runner	INFO	Running command: "C:\\Program Files\\Mozilla Firefox\\firefox.exe" "--marionette" "--remote-debugging-port" "62936" "--remote-allow-hosts" "localhost" "-no-remote" "-profile" "C:\\Users\\bakir\\AppData\\Local\\Temp\\rust_mozprofileVtctdA"
console.warn: services.settings: Ignoring preference override of remote settings server
console.warn: services.settings: Allow by setting MOZ_REMOTE_SETTINGS_DEVTOOLS=1 in the environment
Dynamically enable window occlusion 0
1748994383899	Marionette	INFO	Marionette enabled
1748994384081	Marionette	INFO	Listening on port 62945
WebDriver BiDi listening on ws://127.0.0.1:62936
Read port: 62945
1748994384155	RemoteAgent	WARN	TLS certificate errors will be ignored for this session
1748994385545	Marionette	WARN	Ignoring event 'DOMContentLoaded' because document has an invalid readyState of 'complete'.
JavaScript warning: https://www.zara.com/vhiNXnm2F/mb45exrT/w/aO9cfJD73wfh/ahssI1QC/JS4WA0F/qRR0B, line 1: unreachable code after return statement
JavaScript warning: https://www.zara.com/vhiNXnm2F/mb45exrT/w/aO9cfJD73wfh/ahssI1QC/JS4WA0F/qRR0B, line 1: unreachable code after return statement
JavaScript warning: https://www.zara.com/vhiNXnm2F/mb45exrT/w/aO9cfJD73wfh/ahssI1QC/JS4WA0F/qRR0B, line 1: WEBGL_debug_renderer_info is deprecated in Firefox and will be removed. Please use RENDERER.
JavaScript warning: https://www.zara.com/vhiNXnm2F/mb45exrT/w/aO9cfJD73wfh/ahssI1QC/JS4WA0F/qRR0B, line 1: WEBGL_debug_renderer_info is deprecated in Firefox and will be removed. Please use RENDERER.
JavaScript warning: https://beacon.riskified.com/?shop=www.zara.com&sid=ec58e668-1a4d-49e3-a937-ce662e1719b7, line 7: WEBGL_debug_renderer_info is deprecated in Firefox and will be removed. Please use RENDERER.
JavaScript warning: https://beacon.riskified.com/?shop=www.zara.com&sid=ec58e668-1a4d-49e3-a937-ce662e1719b7, line 7: WEBGL_debug_renderer_info is deprecated in Firefox and will be removed. Please use RENDERER.
JavaScript warning: https://beacon.riskified.com/?shop=www.zara.com&sid=ec58e668-1a4d-49e3-a937-ce662e1719b7, line 7: WEBGL_debug_renderer_info is deprecated in Firefox and will be removed. Please use RENDERER.
JavaScript warning: https://beacon.riskified.com/?shop=www.zara.com&sid=ec58e668-1a4d-49e3-a937-ce662e1719b7, line 7: WEBGL_debug_renderer_info is deprecated in Firefox and will be removed. Please use RENDERER.
JavaScript warning: https://beacon.riskified.com/?shop=www.zara.com&sid=ec58e668-1a4d-49e3-a937-ce662e1719b7, line 7: WEBGL_debug_renderer_info is deprecated in Firefox and will be removed. Please use RENDERER.
console.error: "Unable to find target with innerWindowId:15032385538"
JavaScript warning: https://www.zara.com/vhiNXnm2F/mb45exrT/w/aO9cfJD73wfh/ahssI1QC/JS4WA0F/qRR0B, line 1: unreachable code after return statement
JavaScript warning: https://www.zara.com/vhiNXnm2F/mb45exrT/w/aO9cfJD73wfh/ahssI1QC/JS4WA0F/qRR0B, line 1: unreachable code after return statement
console.warn: "Listener for event 'frame' did not return a promise."
console.warn: "Listener for event 'frame' did not return a promise."
console.warn: "Listener for event 'frame' did not return a promise."
console.warn: "Listener for event 'frame' did not return a promise."
console.warn: "Listener for event 'frame' did not return a promise."
JavaScript warning: https://www.zara.com/vhiNXnm2F/mb45exrT/w/aO9cfJD73wfh/ahssI1QC/JS4WA0F/qRR0B, line 1: WEBGL_debug_renderer_info is deprecated in Firefox and will be removed. Please use RENDERER.
JavaScript warning: https://www.zara.com/vhiNXnm2F/mb45exrT/w/aO9cfJD73wfh/ahssI1QC/JS4WA0F/qRR0B, line 1: WEBGL_debug_renderer_info is deprecated in Firefox and will be removed. Please use RENDERER.
console.warn: "Listener for event 'frame' did not return a promise."
JavaScript warning: https://beacon.riskified.com/?shop=www.zara.com&sid=ec58e668-1a4d-49e3-a937-ce662e1719b7, line 7: WEBGL_debug_renderer_info is deprecated in Firefox and will be removed. Please use RENDERER.
JavaScript warning: https://www.zara.com/vhiNXnm2F/mb45exrT/w/aO9cfJD73wfh/ahssI1QC/JS4WA0F/qRR0B, line 1: unreachable code after return statement
JavaScript warning: https://www.zara.com/vhiNXnm2F/mb45exrT/w/aO9cfJD73wfh/ahssI1QC/JS4WA0F/qRR0B, line 1: unreachable code after return statement
console.warn: "Listener for event 'frame' did not return a promise."
console.warn: "Listener for event 'frame' did not return a promise."
console.warn: "Listener for event 'frame' did not return a promise."
console.warn: "Listener for event 'frame' did not return a promise."
JavaScript warning: https://www.zara.com/vhiNXnm2F/mb45exrT/w/aO9cfJD73wfh/ahssI1QC/JS4WA0F/qRR0B, line 1: WEBGL_debug_renderer_info is deprecated in Firefox and will be removed. Please use RENDERER.
JavaScript warning: https://www.zara.com/vhiNXnm2F/mb45exrT/w/aO9cfJD73wfh/ahssI1QC/JS4WA0F/qRR0B, line 1: WEBGL_debug_renderer_info is deprecated in Firefox and will be removed. Please use RENDERER.
console.error: "Error while calling actor 'domwalker's method 'getEmbedderElement'" "Component returned failure code: 0x80004005 (NS_ERROR_FAILURE) [inIDeepTreeWalker.currentNode]"
console.error: [Exception... "Component returned failure code: 0x80004005 (NS_ERROR_FAILURE) [inIDeepTreeWalker.currentNode]"  nsresult: "0x80004005 (NS_ERROR_FAILURE)"  location: "JS frame :: resource://devtools/server/actors/inspector/document-walker.js :: DocumentWalker :: line 69"  data: no]
console.error: "Failed to start [root-node] legacy listener for target server0.conn0.watcher2.process20//windowGlobalTarget2" (new Error("Protocol error (NS_ERROR_FAILURE): Component returned failure code: 0x80004005 (NS_ERROR_FAILURE) [inIDeepTreeWalker.currentNode] from: server0.conn0.watcher2.process7//domwalker1204 (resource://devtools/server/actors/inspector/document-walker.js:69:0)", "resource://devtools/shared/protocol/Front.js", 383))
console.warn: "Error while destroying front:" "inspector" (new Error("Protocol error (NS_ERROR_FAILURE): Component returned failure code: 0x80004005 (NS_ERROR_FAILURE) [inIDeepTreeWalker.currentNode] from: server0.conn0.watcher2.process7//domwalker1204 (resource://devtools/server/actors/inspector/document-walker.js:69:0)", "resource://devtools/shared/protocol/Front.js", 383))
JavaScript error: resource://devtools/shared/protocol/Front.js, line 383: Error: Protocol error (NS_ERROR_FAILURE): Component returned failure code: 0x80004005 (NS_ERROR_FAILURE) [inIDeepTreeWalker.currentNode] from: server0.conn0.watcher2.process7//domwalker1204 (resource://devtools/server/actors/inspector/document-walker.js:69:0)
JavaScript warning: https://beacon.riskified.com/?shop=www.zara.com&sid=ec58e668-1a4d-49e3-a937-ce662e1719b7, line 7: WEBGL_debug_renderer_info is deprecated in Firefox and will be removed. Please use RENDERER.
JavaScript warning: https://account.zara.com/0HY-JcHFn/oJ6hhL/crw/5EiuGwOzk5hwLO/GgwNV3ll/VDQ9ZX/YjPQwB, line 1: unreachable code after return statement
console.error: (new TypeError("currentNode is null", "resource://devtools/client/inspector/shared/style-change-tracker.js", 66))
TypeError: currentNode is null: canMutationImpactCurrentStyles@resource://devtools/client/inspector/shared/style-change-tracker.js:66:20
onMutations@resource://devtools/client/inspector/shared/style-change-tracker.js:84:41
_emit@resource://devtools/shared/event-emitter.js:242:32
emit@resource://devtools/shared/event-emitter.js:186:18
emit@resource://devtools/shared/event-emitter.js:330:18
getMutations@resource://devtools/client/fronts/walker.js:317:10

JavaScript warning: https://account.zara.com/0HY-JcHFn/oJ6hhL/crw/5EiuGwOzk5caLO/GgwNV3ll/VnRAXG/xNXHQB, line 1: unreachable code after return statement
JavaScript warning: https://account.zara.com/0HY-JcHFn/oJ6hhL/crw/5EiuGwOzk5caLO/GgwNV3ll/VnRAXG/xNXHQB, line 1: WEBGL_debug_renderer_info is deprecated in Firefox and will be removed. Please use RENDERER.
JavaScript warning: https://account.zara.com/0HY-JcHFn/oJ6hhL/crw/5EiuGwOzk5caLO/GgwNV3ll/VnRAXG/xNXHQB, line 1: WEBGL_debug_renderer_info is deprecated in Firefox and will be removed. Please use RENDERER.
console.warn: LoginRecipes: "Falling back to a synchronous message for: https://account.zara.com."
console.warn: LoginRecipes: "Falling back to a synchronous message for: https://account.zara.com."
