1748990413655	geckodriver	INFO	Listening on 127.0.0.1:61213
1748990416762	mozrunner::runner	INFO	Running command: "C:\\Program Files\\Mozilla Firefox\\firefox.exe" "--marionette" "--remote-debugging-port" "61214" "--remote-allow-hosts" "localhost" "-no-remote" "-profile" "C:\\Users\\bakir\\AppData\\Local\\Temp\\rust_mozprofile8WV3rx"
console.warn: services.settings: Ignoring preference override of remote settings server
console.warn: services.settings: Allow by setting MOZ_REMOTE_SETTINGS_DEVTOOLS=1 in the environment
Dynamically enable window occlusion 0
1748990416966	Marionette	INFO	Marionette enabled
1748990417144	Marionette	INFO	Listening on port 61221
WebDriver BiDi listening on ws://127.0.0.1:61214
Read port: 61221
1748990417241	RemoteAgent	WARN	TLS certificate errors will be ignored for this session
1748990418632	Marionette	WARN	Ignoring event 'DOMContentLoaded' because document has an invalid readyState of 'complete'.
JavaScript warning: https://www.zara.com/vhiNXnm2F/mb45exrT/w/aO9cfJD73wfh/ahssI1QC/JS4WA0F/qRR0B, line 1: unreachable code after return statement
JavaScript warning: https://www.zara.com/vhiNXnm2F/mb45exrT/w/aO9cfJD73wfh/ahssI1QC/JS4WA0F/qRR0B, line 1: unreachable code after return statement
JavaScript warning: https://www.zara.com/vhiNXnm2F/mb45exrT/w/aO9cfJD73wfh/ahssI1QC/JS4WA0F/qRR0B, line 1: WEBGL_debug_renderer_info is deprecated in Firefox and will be removed. Please use RENDERER.
JavaScript warning: https://www.zara.com/vhiNXnm2F/mb45exrT/w/aO9cfJD73wfh/ahssI1QC/JS4WA0F/qRR0B, line 1: WEBGL_debug_renderer_info is deprecated in Firefox and will be removed. Please use RENDERER.
JavaScript warning: https://beacon.riskified.com/?shop=www.zara.com&sid=844a67d8-59cf-4981-ba3a-0e908b13b164, line 7: WEBGL_debug_renderer_info is deprecated in Firefox and will be removed. Please use RENDERER.
JavaScript warning: https://beacon.riskified.com/?shop=www.zara.com&sid=844a67d8-59cf-4981-ba3a-0e908b13b164, line 7: WEBGL_debug_renderer_info is deprecated in Firefox and will be removed. Please use RENDERER.
JavaScript warning: https://beacon.riskified.com/?shop=www.zara.com&sid=844a67d8-59cf-4981-ba3a-0e908b13b164, line 7: WEBGL_debug_renderer_info is deprecated in Firefox and will be removed. Please use RENDERER.
console.error: (new TypeError("parent is null", "resource://devtools/client/inspector/shared/style-change-tracker.js", 67))
TypeError: parent is null: canMutationImpactCurrentStyles@resource://devtools/client/inspector/shared/style-change-tracker.js:67:24
onMutations@resource://devtools/client/inspector/shared/style-change-tracker.js:84:41
_emit@resource://devtools/shared/event-emitter.js:242:32
emit@resource://devtools/shared/event-emitter.js:186:18
emit@resource://devtools/shared/event-emitter.js:330:18
getMutations@resource://devtools/client/fronts/walker.js:317:10

console.error: "Error while calling actor 'pagestyle's method 'getLayout'" "node is null"
console.error: (new TypeError("node is null", "resource://devtools/server/actors/page-style.js", 1078))
console.error: (new TypeError("parent is null", "resource://devtools/client/inspector/shared/style-change-tracker.js", 67))
TypeError: parent is null: canMutationImpactCurrentStyles@resource://devtools/client/inspector/shared/style-change-tracker.js:67:24
onMutations@resource://devtools/client/inspector/shared/style-change-tracker.js:84:41
_emit@resource://devtools/shared/event-emitter.js:242:32
emit@resource://devtools/shared/event-emitter.js:186:18
emit@resource://devtools/shared/event-emitter.js:330:18
getMutations@resource://devtools/client/fronts/walker.js:317:10

console.error: (new Error("Protocol error (TypeError): node is null from: server0.conn0.watcher2.process7//pagestyle98 (resource://devtools/server/actors/page-style.js:1078:29)", "resource://devtools/shared/protocol/Front.js", 383))
console.warn: "Listener for event 'frame' did not return a promise."
JavaScript warning: https://beacon.riskified.com/?shop=www.zara.com&sid=844a67d8-59cf-4981-ba3a-0e908b13b164, line 7: WEBGL_debug_renderer_info is deprecated in Firefox and will be removed. Please use RENDERER.
console.warn: "Listener for event 'frame' did not return a promise."
console.warn: "Listener for event 'frame' did not return a promise."
JavaScript warning: https://beacon.riskified.com/?shop=www.zara.com&sid=844a67d8-59cf-4981-ba3a-0e908b13b164, line 7: WEBGL_debug_renderer_info is deprecated in Firefox and will be removed. Please use RENDERER.
console.warn: "Listener for event 'frame' did not return a promise."
JavaScript warning: https://beacon.riskified.com/?shop=www.zara.com&sid=844a67d8-59cf-4981-ba3a-0e908b13b164, line 7: WEBGL_debug_renderer_info is deprecated in Firefox and will be removed. Please use RENDERER.
console.warn: "Listener for event 'frame' did not return a promise."
console.warn: "Error while destroying front:" "inspector" (new Error("Connection closed, pending request to server0.conn0.watcher2.process7//inspectorActor6794, type getWalker failed\n\nRequest stack:\nrequest@resource://devtools/shared/protocol/Front.js:300:14\ngenerateRequestMethods/</frontProto[name]@resource://devtools/shared/protocol/Front/FrontClassWithSpec.js:47:19\n_getWalker@resource://devtools/client/fronts/inspector.js:85:30\ninitialize@resource://devtools/client/fronts/inspector.js:71:28\npermitUnload@chrome://global/content/elements/browser-custom-element.js:1813:21\nCanCloseWindow@chrome://browser/content/browser.js:4300:36\nWindowIsClosing@chrome://browser/content/browser.js:4329:7\ntryToCloseWindow@chrome://browser/content/browser-commands.js:421:24\n@chrome://browser/content/browser-sets.js:66:29\n", "resource://devtools/shared/protocol/Front.js", 105))
console.error: "Failed to start [root-node] legacy listener for target null" (new Error("Connection closed, pending request to server0.conn0.watcher2.process7//inspectorActor6794, type getWalker failed\n\nRequest stack:\nrequest@resource://devtools/shared/protocol/Front.js:300:14\ngenerateRequestMethods/</frontProto[name]@resource://devtools/shared/protocol/Front/FrontClassWithSpec.js:47:19\n_getWalker@resource://devtools/client/fronts/inspector.js:85:30\ninitialize@resource://devtools/client/fronts/inspector.js:71:28\npermitUnload@chrome://global/content/elements/browser-custom-element.js:1813:21\nCanCloseWindow@chrome://browser/content/browser.js:4300:36\nWindowIsClosing@chrome://browser/content/browser.js:4329:7\ntryToCloseWindow@chrome://browser/content/browser-commands.js:421:24\n@chrome://browser/content/browser-sets.js:66:29\n", "resource://devtools/shared/protocol/Front.js", 105))
JavaScript warning: https://www.googletagmanager.com/gtag/js?id=AW-983274422&cx=c&gtm=45He5621v813062813za200&tag_exp=101509157~103116026~103200004~103233427~103351869~103351871~104611962~104611964, line 306: Script terminated by timeout at:
Ol/<@https://www.googletagmanager.com/gtag/js?id=AW-983274422&cx=c&gtm=45He5621v813062813za200&tag_exp=101509157~103116026~103200004~103233427~103351869~103351871~104611962~104611964:306:571
EventHandlerNonNull*xc@https://www.googletagmanager.com/gtag/js?id=AW-983274422&cx=c&gtm=45He5621v813062813za200&tag_exp=101509157~103116026~103200004~103233427~103351869~103351871~104611962~104611964:125:352
Ol@https://www.googletagmanager.com/gtag/js?id=AW-983274422&cx=c&gtm=45He5621v813062813za200&tag_exp=101509157~103116026~103200004~103233427~103351869~103351871~104611962~104611964:306:557
am@https://www.googletagmanager.com/gtag/js?id=AW-983274422&cx=c&gtm=45He5621v813062813za200&tag_exp=101509157~103116026~103200004~103233427~103351869~103351871~104611962~104611964:308:343
HA@https://www.googletagmanager.com/gtag/js?id=AW-983274422&cx=c&gtm=45He5621v813062813za200&tag_exp=101509157~103116026~103200004~103233427~103351869~103351871~104611962~104611964:582:66
ZA/<@https://www.googletagmanager.com/gtag/js?id=AW-983274422&cx=c&gtm=45He5621v813062813za200&tag_exp=101509157~103116026~103200004~103233427~103351869~103351871~104611962~104611964:589:357
XA@https://www.googletagmanager.com/gtag/js?id=AW-983274422&cx=c&gtm=45He5621v813062813za200&tag_exp=101509157~103116026~103200004~103233427~103351869~103351871~104611962~104611964:593:372
ZA@https://www.googletagmanager.com/gtag/js?id=AW-983274422&cx=c&gtm=45He5621v813062813za200&tag_exp=101509157~103116026~103200004~103233427~103351869~103351871~104611962~104611964:588:167
f@https://www.googletagmanager.com/gtag/js?id=AW-983274422&cx=c&gtm=45He5621v813062813za200&tag_exp=101509157~103116026~103200004~103233427~103351869~103351871~104611962~104611964:719:423
SI/<@https://www.googletagmanager.com/gtag/js?id=AW-983274422&cx=c&gtm=45He5621v813062813za200&tag_exp=101509157~103116026~103200004~103233427~103351869~103351871~104611962~104611964:721:209
dn@https://www.googletagmanager.com/gtag/js?id=AW-983274422&cx=c&gtm=45He5621v813062813za200&tag_exp=101509157~103116026~103200004~103233427~103351869~103351871~104611962~104611964:328:194
$o@https://www.googletagmanager.com/gtag/js?id=AW-983274422&cx=c&gtm=45He5621v813062813za200&tag_exp=101509157~103116026~103200004~103233427~103351869~103351871~104611962~104611964:347:70
SI@https://www.googletagmanager.com/gtag/js?id=AW-983274422&cx=c&gtm=45He5621v813062813za200&tag_exp=101509157~103116026~103200004~103233427~103351869~103351871~104611962~104611964:721:197
w@https://www.googletagmanager.com/gtag/js?id=AW-983274422&cx=c&gtm=45He5621v813062813za200&tag_exp=101509157~103116026~103200004~103233427~103351869~103351871~104611962~104611964:366:370
nn@https://www.googletagmanager.com/gtag/js?id=AW-983274422&cx=c&gtm=45He5621v813062813za200&tag_exp=101509157~103116026~103200004~103233427~103351869~103351871~104611962~104611964:330:513
Dq@https://www.googletagmanager.com/gtag/js?id=AW-983274422&cx=c&gtm=45He5621v813062813za200&tag_exp=101509157~103116026~103200004~103233427~103351869~103351871~104611962~104611964:366:452
Cq.prototype.flush@https://www.googletagmanager.com/gtag/js?id=AW-983274422&cx=c&gtm=45He5621v813062813za200&tag_exp=101509157~103116026~103200004~103233427~103351869~103351871~104611962~104611964:370:409
Cq.prototype.push@https://www.googletagmanager.com/gtag/js?id=AW-983274422&cx=c&gtm=45He5621v813062813za200&tag_exp=101509157~103116026~103200004~103233427~103351869~103351871~104611962~104611964:368:379
uq@https://www.googletagmanager.com/gtag/js?id=AW-983274422&cx=c&gtm=45He5621v813062813za200&tag_exp=101509157~103116026~103200004~103233427~103351869~103351871~104611962~104611964:363:544
event@https://www.googletagmanager.com/gtag/js?id=AW-983274422&cx=c&gtm=45He5621v813062813za200&tag_exp=101509157~103116026~103200004~103233427~103351869~103351871~104611962~104611964:630:415
mD@https://www.googletagmanager.com/gtag/js?id=AW-983274422&cx=c&gtm=45He5621v813062813za200&tag_exp=101509157~103116026~103200004~103233427~103351869~103351871~104611962~104611964:636:471
pD/b.push@https://www.googletagmanager.com/gtag/js?id=AW-983274422&cx=c&gtm=45He5621v813062813za200&tag_exp=101509157~103116026~103200004~103233427~103351869~103351871~104611962~104611964:641:315
@https://www.zara.com/tr/ line 1 > injectedScript:1:162
N@https://static.zara.net/stdstatic/6.72.0/js/v2/18615.js:1:47499
74027/t.default@https://static.zara.net/stdstatic/6.72.0/js/v2/app-std-v2.js:1:129722
70125/t.default/</<@https://static.zara.net/stdstatic/6.72.0/js/v2/app-std-v2.js:1:119927
promise callback*70125/t.default/<@https://static.zara.net/stdstatic/6.72.0/js/v2/app-std-v2.js:1:119858
R/<@https://static.zara.net/stdstatic/6.72.0/js/v2/18615.js:1:63696
i@https://static.zara.net/stdstatic/6.72.0/js/v2/18615.js:1:63097

JavaScript warning: https://beacon.riskified.com/?shop=www.zara.com&sid=844a67d8-59cf-4981-ba3a-0e908b13b164, line 7: WEBGL_debug_renderer_info is deprecated in Firefox and will be removed. Please use RENDERER.
JavaScript error: resource:///modules/sessionstore/SessionStore.sys.mjs, line 2693: NotFoundError: No such JSProcessActor 'DevToolsProcess'
JavaScript error: resource:///modules/sessionstore/SessionStore.sys.mjs, line 2693: NotFoundError: No such JSProcessActor 'DevToolsProcess'
JavaScript error: resource:///modules/sessionstore/SessionStore.sys.mjs, line 2693: NotFoundError: No such JSProcessActor 'DevToolsProcess'
JavaScript error: resource:///modules/sessionstore/SessionStore.sys.mjs, line 2693: NotFoundError: No such JSProcessActor 'DevToolsProcess'
JavaScript error: resource:///modules/sessionstore/SessionStore.sys.mjs, line 2693: NotFoundError: No such JSProcessActor 'DevToolsProcess'
JavaScript error: resource:///modules/sessionstore/SessionStore.sys.mjs, line 2693: NotFoundError: No such JSProcessActor 'DevToolsProcess'
JavaScript error: resource:///modules/sessionstore/SessionStore.sys.mjs, line 2693: NotFoundError: No such JSProcessActor 'DevToolsProcess'
JavaScript error: resource:///modules/sessionstore/SessionStore.sys.mjs, line 2693: NotFoundError: No such JSProcessActor 'DevToolsProcess'
JavaScript error: resource:///modules/sessionstore/SessionStore.sys.mjs, line 2693: NotFoundError: No such JSProcessActor 'DevToolsProcess'
JavaScript error: resource:///modules/sessionstore/SessionStore.sys.mjs, line 2693: NotFoundError: No such JSProcessActor 'DevToolsProcess'
JavaScript error: resource://gre/actors/ContentMetaChild.sys.mjs, line 177: InvalidStateError: JSWindowActorChild.sendAsyncMessage: JSWindowActorChild cannot send at the moment
JavaScript error: resource:///modules/sessionstore/SessionStore.sys.mjs, line 2693: NotFoundError: No such JSProcessActor 'DevToolsProcess'
JavaScript error: resource:///modules/sessionstore/SessionStore.sys.mjs, line 2693: NotFoundError: No such JSProcessActor 'DevToolsProcess'
JavaScript error: resource:///modules/sessionstore/SessionStore.sys.mjs, line 2693: NotFoundError: No such JSProcessActor 'DevToolsProcess'
JavaScript error: resource:///modules/sessionstore/SessionStore.sys.mjs, line 2693: NotFoundError: No such JSProcessActor 'DevToolsProcess'
JavaScript error: resource:///modules/sessionstore/SessionStore.sys.mjs, line 2693: NotFoundError: No such JSProcessActor 'DevToolsProcess'
JavaScript error: resource:///modules/sessionstore/SessionStore.sys.mjs, line 2693: NotFoundError: No such JSProcessActor 'DevToolsProcess'
JavaScript error: resource:///modules/sessionstore/SessionStore.sys.mjs, line 2693: NotFoundError: No such JSProcessActor 'DevToolsProcess'
JavaScript error: resource:///modules/sessionstore/SessionStore.sys.mjs, line 2693: NotFoundError: No such JSProcessActor 'DevToolsProcess'
JavaScript error: resource:///modules/sessionstore/SessionStore.sys.mjs, line 2693: NotFoundError: No such JSProcessActor 'DevToolsProcess'
JavaScript error: resource:///modules/sessionstore/SessionStore.sys.mjs, line 2693: NotFoundError: No such JSProcessActor 'DevToolsProcess'
JavaScript error: resource:///modules/sessionstore/SessionStore.sys.mjs, line 2693: NotFoundError: No such JSProcessActor 'DevToolsProcess'
JavaScript error: resource:///modules/sessionstore/SessionStore.sys.mjs, line 2693: NotFoundError: No such JSProcessActor 'DevToolsProcess'
JavaScript error: resource:///modules/sessionstore/SessionStore.sys.mjs, line 2693: NotFoundError: No such JSProcessActor 'DevToolsProcess'
JavaScript error: resource:///modules/sessionstore/SessionStore.sys.mjs, line 2693: NotFoundError: No such JSProcessActor 'DevToolsProcess'
JavaScript error: resource:///modules/sessionstore/SessionStore.sys.mjs, line 2693: NotFoundError: No such JSProcessActor 'DevToolsProcess'
JavaScript error: resource:///modules/sessionstore/SessionStore.sys.mjs, line 2693: NotFoundError: No such JSProcessActor 'DevToolsProcess'
JavaScript error: resource:///modules/sessionstore/SessionStore.sys.mjs, line 2693: NotFoundError: No such JSProcessActor 'DevToolsProcess'
JavaScript error: resource:///modules/sessionstore/SessionStore.sys.mjs, line 2693: NotFoundError: No such JSProcessActor 'DevToolsProcess'
JavaScript error: resource:///modules/sessionstore/SessionStore.sys.mjs, line 2693: NotFoundError: No such JSProcessActor 'DevToolsProcess'
JavaScript error: resource:///modules/sessionstore/SessionStore.sys.mjs, line 2693: NotFoundError: No such JSProcessActor 'DevToolsProcess'
JavaScript error: resource:///modules/sessionstore/SessionStore.sys.mjs, line 2693: NotFoundError: No such JSProcessActor 'DevToolsProcess'
JavaScript error: resource:///modules/sessionstore/SessionStore.sys.mjs, line 2693: NotFoundError: No such JSProcessActor 'DevToolsProcess'
JavaScript error: resource:///modules/sessionstore/SessionStore.sys.mjs, line 2693: NotFoundError: No such JSProcessActor 'DevToolsProcess'
JavaScript error: resource://devtools/shared/protocol/Front.js, line 105: Error: Connection closed, pending request to server0.conn0.watcher2.process7//inspectorActor6794, type getWalker failed

Request stack:
request@resource://devtools/shared/protocol/Front.js:300:14
generateRequestMethods/</frontProto[name]@resource://devtools/shared/protocol/Front/FrontClassWithSpec.js:47:19
_getWalker@resource://devtools/client/fronts/inspector.js:85:30
initialize@resource://devtools/client/fronts/inspector.js:71:28
permitUnload@chrome://global/content/elements/browser-custom-element.js:1813:21
CanCloseWindow@chrome://browser/content/browser.js:4300:36
WindowIsClosing@chrome://browser/content/browser.js:4329:7
tryToCloseWindow@chrome://browser/content/browser-commands.js:421:24
@chrome://browser/content/browser-sets.js:66:29

1748990483794	Marionette	INFO	Stopped listening on port 61221
Dynamically enable window occlusion 1
console.error: "Failed to fetch https://ads.mozilla.org/v1/delete_user:" "NetworkError when attempting to fetch resource."
console.warn: TopSitesFeed: Failed to fetch data from MARS server: NetworkError when attempting to fetch resource.
console.error: "Error in worker resource://devtools/client/shared/source-map-loader/worker.js" ": "
console.error: services.settings: 
Object
  - prototype Object
    - columnNumber = 0
    - data = null
    - filename = resource://gre/modules/ServiceRequest.sys.mjs
    - lineNumber = 126
    - location = {"name":"open","filename":"resource://gre/modules/ServiceRequest.sys.mjs","sourceId":27,"lineNumber":126,"columnNumber":11,"asyncCause":null,"asyncCaller":null,"caller":{"filename":"resource://services-settings/Utils.sys.mjs","name":"fetch/<","sourceId":26,"lineNumber":268,"columnNumber":15,"asyncCause":null,"asyncCaller":null,"caller":{"filename":"resource://services-settings/Utils.sys.mjs","name":"fetch","sourceId":26,"lineNumber":219,"columnNumber":12,"asyncCause":null,"asyncCaller":null,"caller":{"filename":"resource://services-settings/Utils.sys.mjs","name":"fetchLatestChanges","sourceId":26,"lineNumber":429,"columnNumber":34,"asyncCause":null,"asyncCaller":null,"caller":{"filename":"resource://services-settings/RemoteSettingsClient.sys.mjs","name":"sync","sourceId":24,"lineNumber":625,"columnNumber":42,"asyncCause":null,"asyncCaller":null,"caller":{"filename":"resource://services-settings/RemoteSettingsClient.sys.mjs","name":"get/this._importingPromise<","sourceId":24,"lineNumber":477,"columnNumber":28,"asyncCause":null,"asyncCaller":null,"caller":null,"formattedStack":"get/this._importingPromise<@resource://services-settings/RemoteSettingsClient.sys.mjs:477:28\n","nativeSavedFrame":{}},"formattedStack":"sync@resource://services-settings/RemoteSettingsClient.sys.mjs:625:42\nget/this._importingPromise<@resource://services-settings/RemoteSettingsClient.sys.mjs:477:28\n","nativeSavedFrame":{}},"formattedStack":"fetchLatestChanges@resource://services-settings/Utils.sys.mjs:429:34\nsync@resource://services-settings/RemoteSettingsClient.sys.mjs:625:42\nget/this._importingPromise<@resource://services-settings/RemoteSettingsClient.sys.mjs:477:28\n","nativeSavedFrame":{}},"formattedStack":"fetch@resource://services-settings/Utils.sys.mjs:219:12\nfetchLatestChanges@resource://services-settings/Utils.sys.mjs:429:34\nsync@resource://services-settings/RemoteSettingsClient.sys.mjs:625:42\nget/this._importingPromise<@resource://services-settings/RemoteSettingsClient.sys.mjs:477:28\n","nativeSavedFrame":{}},"formattedStack":"fetch/<@resource://services-settings/Utils.sys.mjs:268:15\nfetch@resource://services-settings/Utils.sys.mjs:219:12\nfetchLatestChanges@resource://services-settings/Utils.sys.mjs:429:34\nsync@resource://services-settings/RemoteSettingsClient.sys.mjs:625:42\nget/this._importingPromise<@resource://services-settings/RemoteSettingsClient.sys.mjs:477:28\n","nativeSavedFrame":{}},"formattedStack":"open@resource://gre/modules/ServiceRequest.sys.mjs:126:11\nfetch/<@resource://services-settings/Utils.sys.mjs:268:15\nfetch@resource://services-settings/Utils.sys.mjs:219:12\nfetchLatestChanges@resource://services-settings/Utils.sys.mjs:429:34\nsync@resource://services-settings/RemoteSettingsClient.sys.mjs:625:42\nget/this._importingPromise<@resource://services-settings/RemoteSettingsClient.sys.mjs:477:28\n","nativeSavedFrame":{}}
    - message = 
    - name = 
    - result = 2152071198
    - stack = open@resource://gre/modules/ServiceRequest.sys.mjs:126:11|fetch/<@resource://services-settings/Utils.sys.mjs:268:15|fetch@resource://services-settings/Utils.sys.mjs:219:12|fetchLatestChanges@resource://services-settings/Utils.sys.mjs:429:34|sync@resource://services-settings/RemoteSettingsClient.sys.mjs:625:42|get/this._importingPromise<@resource://services-settings/RemoteSettingsClient.sys.mjs:477:28|
  - prototype Object
